<?xml version="1.0" encoding="UTF-8"?>
<!-- Generated by org.testng.reporters.JUnitReportReporter -->
<testsuite hostname="PC58" name="com.registration.webdriver.Registration" tests="1" failures="0" timestamp="30 Sep 2015 14:28:05 GMT" time="19.903" errors="0">
  <testcase name="testRegOk" time="19.903" classname="com.registration.webdriver.Registration"/>
</testsuite> <!-- com.registration.webdriver.Registration -->
