<?xml version="1.0" encoding="UTF-8"?>
<!-- Generated by org.testng.reporters.JUnitReportReporter -->
<testsuite hostname="PC58" name="com.logintest.webdriver.LoginId" tests="1" failures="0" timestamp="21 Oct 2015 16:14:16 GMT" time="20.633" errors="0">
  <testcase name="testLogin" time="20.633" classname="com.logintest.webdriver.LoginId"/>
</testsuite> <!-- com.logintest.webdriver.LoginId -->
