<?xml version="1.0" encoding="UTF-8"?>
<!-- Generated by org.testng.reporters.JUnitReportReporter -->
<testsuite hostname="PC58" name="com.registration.webdriver.Registration" tests="1" failures="0" timestamp="21 Oct 2015 16:14:16 GMT" time="23.008" errors="0">
  <testcase name="testRegOk" time="23.008" classname="com.registration.webdriver.Registration"/>
</testsuite> <!-- com.registration.webdriver.Registration -->
