<?xml version="1.0" encoding="UTF-8"?>
<!-- Generated by org.testng.reporters.JUnitReportReporter -->
<testsuite hostname="PC58" name="com.logintest.webdriver.LoginEmail" tests="1" failures="0" timestamp="21 Oct 2015 16:14:16 GMT" time="28.311" errors="0">
  <testcase name="testLogin" time="28.311" classname="com.logintest.webdriver.LoginEmail"/>
</testsuite> <!-- com.logintest.webdriver.LoginEmail -->
