<?xml version="1.0" encoding="UTF-8"?>
<!-- Generated by org.testng.reporters.JUnitReportReporter -->
<testsuite hostname="PC58" name="com.logintest.webdriver.Logout" tests="1" failures="0" timestamp="21 Oct 2015 16:14:16 GMT" time="3.605" errors="0">
  <testcase name="testLogout" time="3.605" classname="com.logintest.webdriver.Logout"/>
</testsuite> <!-- com.logintest.webdriver.Logout -->
