<?xml version="1.0" encoding="UTF-8"?>
<!-- Generated by org.testng.reporters.JUnitReportReporter -->
<testsuite hostname="PC58" name="com.logintest.webdriver.LoginUserAndPassword" tests="1" failures="0" timestamp="19 Oct 2015 19:55:19 GMT" time="31.828" errors="0">
  <testcase name="testLogin" time="31.828" classname="com.logintest.webdriver.LoginUserAndPassword"/>
</testsuite> <!-- com.logintest.webdriver.LoginUserAndPassword -->
