<?xml version="1.0" encoding="UTF-8"?>
<!-- Generated by org.testng.reporters.JUnitReportReporter -->
<testsuite hostname="PC58" name="com.logintest.webdriver.LoginId" tests="1" failures="0" timestamp="6 Oct 2015 15:03:08 GMT" time="27.183" errors="0">
  <testcase name="testLogin" time="27.183" classname="com.logintest.webdriver.LoginId"/>
</testsuite> <!-- com.logintest.webdriver.LoginId -->
