<?xml version="1.0" encoding="UTF-8"?>
<!-- Generated by org.testng.reporters.JUnitReportReporter -->
<testsuite hostname="PC58" name="com.logintest.webdriver.LoginUserAndPassword" tests="1" failures="0" timestamp="21 Oct 2015 16:14:16 GMT" time="25.125" errors="0">
  <testcase name="testLogin" time="25.125" classname="com.logintest.webdriver.LoginUserAndPassword"/>
</testsuite> <!-- com.logintest.webdriver.LoginUserAndPassword -->
