<?xml version="1.0" encoding="UTF-8"?>
<!-- Generated by org.testng.reporters.JUnitReportReporter -->
<testsuite hostname="PC58" name="com.links.webdriver.HelpCenterFooter" tests="1" failures="0" timestamp="6 Oct 2015 19:04:38 GMT" time="8.255" errors="0">
  <testcase name="testHelpCenterFooter" time="8.255" classname="com.links.webdriver.HelpCenterFooter"/>
</testsuite> <!-- com.links.webdriver.HelpCenterFooter -->
