<?xml version="1.0" encoding="UTF-8"?>
<!-- Generated by org.testng.reporters.JUnitReportReporter -->
<testsuite hostname="PC58" name="com.logintest.webdriver.Logout" tests="1" failures="0" timestamp="19 Oct 2015 19:55:19 GMT" time="4.629" errors="0">
  <testcase name="testLogout" time="4.629" classname="com.logintest.webdriver.Logout"/>
</testsuite> <!-- com.logintest.webdriver.Logout -->
