<?xml version="1.0" encoding="UTF-8"?>
<!-- Generated by org.testng.reporters.JUnitReportReporter -->
<testsuite hostname="PC58" name="com.logintest.webdriver.LoginValidations" tests="4" failures="0" timestamp="19 Oct 2015 19:55:19 GMT" time="67.971" errors="0">
  <testcase name="testBlankUser" time="13.402" classname="com.logintest.webdriver.LoginValidations"/>
  <testcase name="testBlankPassword" time="13.869" classname="com.logintest.webdriver.LoginValidations"/>
  <testcase name="testInvalidUser" time="21.655" classname="com.logintest.webdriver.LoginValidations"/>
  <testcase name="testLoginWrongPassword" time="19.045" classname="com.logintest.webdriver.LoginValidations"/>
</testsuite> <!-- com.logintest.webdriver.LoginValidations -->
