<?xml version="1.0" encoding="UTF-8"?>
<!-- Generated by org.testng.reporters.JUnitReportReporter -->
<testsuite hostname="PC58" name="com.logintest.webdriver.LoginUserAndPassword" tests="1" failures="0" timestamp="2 Oct 2015 18:29:43 GMT" time="33.201" errors="0">
  <testcase name="testLogin" time="33.201" classname="com.logintest.webdriver.LoginUserAndPassword"/>
</testsuite> <!-- com.logintest.webdriver.LoginUserAndPassword -->
