<?xml version="1.0" encoding="UTF-8"?>
<!-- Generated by org.testng.reporters.JUnitReportReporter -->
<testsuite hostname="PC58" name="com.logintest.webdriver.Logout" tests="1" failures="0" timestamp="6 Oct 2015 15:03:08 GMT" time="4.044" errors="0">
  <testcase name="testLogout" time="4.044" classname="com.logintest.webdriver.Logout"/>
</testsuite> <!-- com.logintest.webdriver.Logout -->
