<?xml version="1.0" encoding="UTF-8"?>
<!-- Generated by org.testng.reporters.JUnitReportReporter -->
<testsuite hostname="PC58" name="com.logintest.webdriver.RecoverPassword" tests="2" failures="0" timestamp="19 Oct 2015 19:55:19 GMT" time="27.869" errors="0">
  <testcase name="testRecoverPasswordCancel" time="15.214" classname="com.logintest.webdriver.RecoverPassword"/>
  <testcase name="testRecoverPasswordClose" time="12.655" classname="com.logintest.webdriver.RecoverPassword"/>
</testsuite> <!-- com.logintest.webdriver.RecoverPassword -->
