<?xml version="1.0" encoding="UTF-8"?>
<!-- Generated by org.testng.reporters.JUnitReportReporter -->
<testsuite hostname="PC58" name="suiteUtility.java.TestDriver" tests="1" failures="0" timestamp="6 Oct 2015 13:52:12 GMT" time="0.737" errors="0">
  <testcase name="testmethodone" time="0.737" classname="suiteUtility.java.TestDriver"/>
</testsuite> <!-- suiteUtility.java.TestDriver -->
