<?xml version="1.0" encoding="UTF-8"?>
<!-- Generated by org.testng.reporters.JUnitReportReporter -->
<testsuite hostname="PC58" name="HelpCenter.HelpCenterSentForm" tests="2" failures="0" timestamp="8 Oct 2015 20:27:38 GMT" time="6.615" errors="0">
  <testcase name="testHelpCenterForm" time="4.038" classname="HelpCenter.HelpCenterSentForm"/>
  <testcase name="fillingForm" time="2.577" classname="HelpCenter.HelpCenterSentForm"/>
</testsuite> <!-- HelpCenter.HelpCenterSentForm -->
