<?xml version="1.0" encoding="UTF-8"?>
<!-- Generated by org.testng.reporters.JUnitReportReporter -->
<testsuite hostname="PC58" name="HelpCenter.HelpCenterSentForm" tests="1" failures="0" timestamp="13 Oct 2015 14:03:23 GMT" time="9.455" errors="0">
  <testcase name="fillingForm" time="9.455" classname="HelpCenter.HelpCenterSentForm"/>
</testsuite> <!-- HelpCenter.HelpCenterSentForm -->
