<?xml version="1.0" encoding="UTF-8"?>
<!-- Generated by org.testng.reporters.JUnitReportReporter -->
<testsuite hostname="PC58" name="com.logintest.webdriver.RecoverPassword" tests="2" failures="0" timestamp="6 Oct 2015 15:03:08 GMT" time="29.857" errors="0">
  <testcase name="testRecoverPasswordCancel" time="17.320" classname="com.logintest.webdriver.RecoverPassword"/>
  <testcase name="testRecoverPasswordClose" time="12.537" classname="com.logintest.webdriver.RecoverPassword"/>
</testsuite> <!-- com.logintest.webdriver.RecoverPassword -->
