<?xml version="1.0" encoding="UTF-8"?>
<!-- Generated by org.testng.reporters.JUnitReportReporter -->
<testsuite hostname="PC58" name="com.logintest.webdriver.LoginValidations" tests="4" failures="0" timestamp="21 Oct 2015 16:14:16 GMT" time="63.753" errors="0">
  <testcase name="testBlankUser" time="11.934" classname="com.logintest.webdriver.LoginValidations"/>
  <testcase name="testInvalidUser" time="16.957" classname="com.logintest.webdriver.LoginValidations"/>
  <testcase name="testLoginWrongPassword" time="19.797" classname="com.logintest.webdriver.LoginValidations"/>
  <testcase name="testBlankPassword" time="15.065" classname="com.logintest.webdriver.LoginValidations"/>
</testsuite> <!-- com.logintest.webdriver.LoginValidations -->
