<?xml version="1.0" encoding="UTF-8"?>
<!-- Generated by org.testng.reporters.JUnitReportReporter -->
<testsuite hostname="PC58" name="com.logintest.webdriver.LoginEmail" tests="1" failures="0" timestamp="2 Oct 2015 19:03:50 GMT" time="44.912" errors="0">
  <testcase name="testLogin" time="44.912" classname="com.logintest.webdriver.LoginEmail"/>
</testsuite> <!-- com.logintest.webdriver.LoginEmail -->
