<?xml version="1.0" encoding="UTF-8"?>
<!-- Generated by org.testng.reporters.JUnitReportReporter -->
<testsuite hostname="PC58" name="com.links.webdriver.HelpCenterFooter" tests="1" failures="0" timestamp="21 Oct 2015 16:14:16 GMT" time="4.453" errors="0">
  <testcase name="testHelpCenterFooter" time="4.453" classname="com.links.webdriver.HelpCenterFooter"/>
</testsuite> <!-- com.links.webdriver.HelpCenterFooter -->
