<?xml version="1.0" encoding="UTF-8"?>
<!-- Generated by org.testng.reporters.JUnitReportReporter -->
<testsuite hostname="PC58" name="com.logintest.webdriver.LoginEmail" tests="1" failures="0" timestamp="19 Oct 2015 19:55:19 GMT" time="35.746" errors="0">
  <testcase name="testLogin" time="35.746" classname="com.logintest.webdriver.LoginEmail"/>
</testsuite> <!-- com.logintest.webdriver.LoginEmail -->
