<?xml version="1.0" encoding="UTF-8"?>
<!-- Generated by org.testng.reporters.JUnitReportReporter -->
<testsuite hostname="PC58" name="HelpCenter.HelpCenterForm" tests="7" failures="0" timestamp="13 Oct 2015 14:03:23 GMT" time="8.082" errors="0">
  <testcase name="testMandatoryFieldEmail" time="0.742" classname="HelpCenter.HelpCenterForm"/>
  <testcase name="testMandatoryfieldDescripcion" time="1.147" classname="HelpCenter.HelpCenterForm"/>
  <testcase name="testMandatoryFieldTipoDeCaso" time="1.104" classname="HelpCenter.HelpCenterForm"/>
  <testcase name="testMandatoryFieldDocument" time="0.237" classname="HelpCenter.HelpCenterForm"/>
  <testcase name="testHelpCenterForm" time="2.595" classname="HelpCenter.HelpCenterForm"/>
  <testcase name="testMandatoryfieldAsunto" time="1.089" classname="HelpCenter.HelpCenterForm"/>
  <testcase name="testMandatoryFieldMotivoDelCaso" time="1.168" classname="HelpCenter.HelpCenterForm"/>
</testsuite> <!-- HelpCenter.HelpCenterForm -->
