<?xml version="1.0" encoding="UTF-8"?>
<!-- Generated by org.testng.reporters.JUnitReportReporter -->
<testsuite hostname="PC58" name="com.logintest.webdriver.LoginId" tests="1" failures="0" timestamp="19 Oct 2015 19:55:19 GMT" time="23.136" errors="0">
  <testcase name="testLogin" time="23.136" classname="com.logintest.webdriver.LoginId"/>
</testsuite> <!-- com.logintest.webdriver.LoginId -->
