<?xml version="1.0" encoding="UTF-8"?>
<!-- Generated by org.testng.reporters.JUnitReportReporter -->
<testsuite hostname="PC58" name="HelpCenter.HelpCenterForm" tests="7" failures="0" timestamp="9 Oct 2015 15:45:12 GMT" time="10.842" errors="0">
  <testcase name="testMandatoryfieldDescripcion" time="1.122" classname="HelpCenter.HelpCenterForm"/>
  <testcase name="testMandatoryFieldDocument" time="0.234" classname="HelpCenter.HelpCenterForm"/>
  <testcase name="testMandatoryFieldTipoDeCaso" time="1.144" classname="HelpCenter.HelpCenterForm"/>
  <testcase name="testMandatoryfieldAsunto" time="1.200" classname="HelpCenter.HelpCenterForm"/>
  <testcase name="testHelpCenterForm" time="5.384" classname="HelpCenter.HelpCenterForm"/>
  <testcase name="testMandatoryFieldEmail" time="0.685" classname="HelpCenter.HelpCenterForm"/>
  <testcase name="testMandatoryFieldMotivoDelCaso" time="1.073" classname="HelpCenter.HelpCenterForm"/>
</testsuite> <!-- HelpCenter.HelpCenterForm -->
