<?xml version="1.0" encoding="UTF-8"?>
<!-- Generated by org.testng.reporters.JUnitReportReporter -->
<testsuite hostname="PC58" name="com.logintest.webdriver.LoginId" tests="1" failures="0" timestamp="2 Oct 2015 18:53:25 GMT" time="31.111" errors="0">
  <testcase name="testLogin" time="31.111" classname="com.logintest.webdriver.LoginId"/>
</testsuite> <!-- com.logintest.webdriver.LoginId -->
