<?xml version="1.0" encoding="UTF-8"?>
<!-- Generated by org.testng.reporters.JUnitReportReporter -->
<testsuite hostname="PC58" name="com.links.webdriver.HelpCenterFooterUserLogged" tests="1" failures="0" timestamp="7 Oct 2015 12:48:13 GMT" time="4.220" errors="0">
  <testcase name="testHelpCenterForm" time="4.220" classname="com.links.webdriver.HelpCenterFooterUserLogged"/>
</testsuite> <!-- com.links.webdriver.HelpCenterFooterUserLogged -->
