<?xml version="1.0" encoding="UTF-8"?>
<!-- Generated by org.testng.reporters.JUnitReportReporter -->
<testsuite hostname="PC58" name="com.logintest.webdriver.RecoverPassword" tests="2" failures="0" timestamp="21 Oct 2015 16:14:16 GMT" time="20.415" errors="0">
  <testcase name="testRecoverPasswordCancel" time="11.076" classname="com.logintest.webdriver.RecoverPassword"/>
  <testcase name="testRecoverPasswordClose" time="9.339" classname="com.logintest.webdriver.RecoverPassword"/>
</testsuite> <!-- com.logintest.webdriver.RecoverPassword -->
